<?xml version="1.0" encoding="UTF-8"?>
<robot generator="Robot 7.4.2 (Python 3.14.2 on win32)" generated="2026-07-16T22:59:34.725877" rpa="false" schemaversion="5">
<suite id="s1" name="Signup" source="C:\QAx\projects\smartbit-robot\tests\signup.robot">
<test id="s1-t1" name="Deve iniciar o cadastro do cliente" line="11">
<kw name="Get Fake Account" owner="Account">
<msg time="2026-07-16T22:59:35.088050" level="INFO">${account} = {'name': 'Pietro Oliveira', 'email': 'vianabernardo@example.net', 'document': '391.478.652-37'}</msg>
<var>${account}</var>
<status status="PASS" start="2026-07-16T22:59:35.087710" elapsed="0.000372"/>
</kw>
<kw name="New Browser" owner="Browser">
<msg time="2026-07-16T22:59:35.088898" level="INFO">{"browser": "chromium", "headless": false, "chromiumSandbox": false, "devtools": false, "handleSIGHUP": true, "handleSIGINT": true, "handleSIGTERM": true, "slowMo": 0.0, "timeout": 30000.0, "tracesDir": "C:\\QAx\\projects\\smartbit-robot\\tests\\logs\\browser\\traces\\temp\\c01ca2e9-cca6-4b70-9b8a-7d346ed2801f"}</msg>
<msg time="2026-07-16T22:59:35.113958" level="INFO">Starting Browser process C:\Users\diver\AppData\Local\Programs\Python\Python314\Lib\site-packages\Browser\wrapper\index.js using at 127.0.0.1:56433</msg>
<msg time="2026-07-16T22:59:36.341239" level="INFO">Successfully created browser with options: {"browser":"chromium","headless":false,"chromiumSandbox":false,"devtools":false,"handleSIGHUP":true,"handleSIGINT":true,"handleSIGTERM":true,"slowMo":0,"timeout":30000,"tracesDir":"C:\\QAx\\projects\\smartbit-robot\\tests\\logs\\browser\\traces\\temp\\c01ca2e9-cca6-4b70-9b8a-7d346ed2801f"}</msg>
<arg>browser=chromium</arg>
<arg>headless=False</arg>
<tag>BrowserControl</tag>
<tag>Setter</tag>
<doc>Create a new playwright Browser with specified options.</doc>
<status status="PASS" start="2026-07-16T22:59:35.088335" elapsed="1.253091"/>
</kw>
<kw name="New Page" owner="Browser">
<msg time="2026-07-16T22:59:36.872287" level="INFO">Successfully initialized new page object and opened url: http://localhost:3000</msg>
<msg time="2026-07-16T22:59:36.872349" level="INFO">No context was open. New context was automatically opened when this page is created.</msg>
<arg>http://localhost:3000</arg>
<tag>BrowserControl</tag>
<tag>Setter</tag>
<doc>Open a new Page.</doc>
<status status="PASS" start="2026-07-16T22:59:36.341813" elapsed="0.530628"/>
</kw>
<kw name="Get Text" owner="Browser">
<msg time="2026-07-16T22:59:36.917820" level="INFO">Text: 'Faça seu cadastro e venha para a Smartbit!'</msg>
<arg>css=#signup h2</arg>
<arg>equal</arg>
<arg>Faça seu cadastro e venha para a Smartbit!</arg>
<tag>Assertion</tag>
<tag>Getter</tag>
<tag>PageContent</tag>
<doc>Returns text attribute of the element found by ``selector``.</doc>
<status status="PASS" start="2026-07-16T22:59:36.872757" elapsed="0.045158"/>
</kw>
<kw name="Fill Text" owner="Browser">
<msg time="2026-07-16T22:59:36.918688" level="INFO">Fills the text 'Pietro Oliveira' in the given field.</msg>
<arg>id =name</arg>
<arg>${account}[name]</arg>
<tag>PageContent</tag>
<tag>Setter</tag>
<doc>Clears and fills the given ``txt`` into the text field found by ``selector``.</doc>
<status status="PASS" start="2026-07-16T22:59:36.918177" elapsed="0.009566"/>
</kw>
<kw name="Fill Text" owner="Browser">
<msg time="2026-07-16T22:59:36.928778" level="INFO">Fills the text 'vianabernardo@example.net' in the given field.</msg>
<arg>id =email</arg>
<arg>${account}[email]</arg>
<tag>PageContent</tag>
<tag>Setter</tag>
<doc>Clears and fills the given ``txt`` into the text field found by ``selector``.</doc>
<status status="PASS" start="2026-07-16T22:59:36.928162" elapsed="0.011034"/>
</kw>
<kw name="Fill Text" owner="Browser">
<msg time="2026-07-16T22:59:36.940032" level="INFO">Fills the text '391.478.652-37' in the given field.</msg>
<arg>id =document</arg>
<arg>${account}[document]</arg>
<tag>PageContent</tag>
<tag>Setter</tag>
<doc>Clears and fills the given ``txt`` into the text field found by ``selector``.</doc>
<status status="PASS" start="2026-07-16T22:59:36.939497" elapsed="0.008445"/>
</kw>
<kw name="Click" owner="Browser">
<msg time="2026-07-16T22:59:36.948628" level="INFO">Clicks the element 'css=button &gt;&gt; text=Cadastrar'.</msg>
<arg>css=button &gt;&gt; text=Cadastrar</arg>
<tag>PageContent</tag>
<tag>Setter</tag>
<doc>Simulates mouse click on the element found by ``selector``.</doc>
<status status="PASS" start="2026-07-16T22:59:36.948198" elapsed="0.033868"/>
</kw>
<kw name="Wait For Elements State" owner="Browser">
<msg time="2026-07-16T22:59:39.353538" level="INFO">Waited for Element with selector text=Falta pouco para fazer parte da família Smartbit! at state visible</msg>
<arg>text=Falta pouco para fazer parte da família Smartbit!</arg>
<arg>visible</arg>
<arg>5</arg>
<tag>PageContent</tag>
<tag>Wait</tag>
<doc>Waits for the element found by ``selector`` to satisfy state option.</doc>
<status status="PASS" start="2026-07-16T22:59:36.982328" elapsed="2.371653"/>
</kw>
<kw name="Sleep" owner="BuiltIn">
<msg time="2026-07-16T22:59:44.356034" level="INFO">Slept 5 seconds.</msg>
<arg>5</arg>
<doc>Pauses the test executed for the given time.</doc>
<status status="PASS" start="2026-07-16T22:59:39.355121" elapsed="5.001070"/>
</kw>
<msg time="2026-07-16T22:59:44.368573" level="INFO">Switching context to context=d480e9ad-c381-4d90-aaf5-817bd5f3174a in CURRENT</msg>
<msg time="2026-07-16T22:59:44.374376" level="INFO">Successfully changed active context: context=d480e9ad-c381-4d90-aaf5-817bd5f3174a</msg>
<msg time="2026-07-16T22:59:44.390094" level="INFO">Successfully closed Context</msg>
<status status="PASS" start="2026-07-16T22:59:35.086929" elapsed="9.270056"/>
</test>
<test id="s1-t2" name="Campo nome deve ser obrigatório" line="45">
<kw name="New Browser" owner="Browser">
<msg time="2026-07-16T22:59:44.395760" level="INFO">Switching browser to browser=cd7d9e48-ae23-4014-bddc-13e65b60388d</msg>
<msg time="2026-07-16T22:59:44.397652" level="INFO">Successfully changed active browser: browser=cd7d9e48-ae23-4014-bddc-13e65b60388d</msg>
<msg time="2026-07-16T22:59:44.397762" level="INFO">Reusing existing browser with id: browser=cd7d9e48-ae23-4014-bddc-13e65b60388d</msg>
<arg>browser=chromium</arg>
<arg>headless=False</arg>
<tag>BrowserControl</tag>
<tag>Setter</tag>
<doc>Create a new playwright Browser with specified options.</doc>
<status status="PASS" start="2026-07-16T22:59:44.394639" elapsed="0.003175"/>
</kw>
<kw name="New Page" owner="Browser">
<msg time="2026-07-16T22:59:44.939952" level="INFO">Successfully initialized new page object and opened url: http://localhost:3000</msg>
<msg time="2026-07-16T22:59:44.940068" level="INFO">No context was open. New context was automatically opened when this page is created.</msg>
<arg>http://localhost:3000</arg>
<tag>BrowserControl</tag>
<tag>Setter</tag>
<doc>Open a new Page.</doc>
<status status="PASS" start="2026-07-16T22:59:44.398059" elapsed="0.542211"/>
</kw>
<kw name="Get Text" owner="Browser">
<msg time="2026-07-16T22:59:44.994251" level="INFO">Text: 'Faça seu cadastro e venha para a Smartbit!'</msg>
<arg>css=#signup h2</arg>
<arg>equal</arg>
<arg>Faça seu cadastro e venha para a Smartbit!</arg>
<tag>Assertion</tag>
<tag>Getter</tag>
<tag>PageContent</tag>
<doc>Returns text attribute of the element found by ``selector``.</doc>
<status status="PASS" start="2026-07-16T22:59:44.940694" elapsed="0.053697"/>
</kw>
<kw name="Fill Text" owner="Browser">
<msg time="2026-07-16T22:59:44.995675" level="INFO">Fills the text 'leonardo@hot.com' in the given field.</msg>
<arg>id =email</arg>
<arg>leonardo@hot.com</arg>
<tag>PageContent</tag>
<tag>Setter</tag>
<doc>Clears and fills the given ``txt`` into the text field found by ``selector``.</doc>
<status status="PASS" start="2026-07-16T22:59:44.994810" elapsed="0.014689"/>
</kw>
<kw name="Fill Text" owner="Browser">
<msg time="2026-07-16T22:59:45.011733" level="INFO">Fills the text '27449261839' in the given field.</msg>
<arg>id =document</arg>
<arg>27449261839</arg>
<tag>PageContent</tag>
<tag>Setter</tag>
<doc>Clears and fills the given ``txt`` into the text field found by ``selector``.</doc>
<status status="PASS" start="2026-07-16T22:59:45.010141" elapsed="0.020808"/>
</kw>
<kw name="Click" owner="Browser">
<msg time="2026-07-16T22:59:45.033204" level="INFO">Clicks the element 'css=button &gt;&gt; text=Cadastrar'.</msg>
<arg>css=button &gt;&gt; text=Cadastrar</arg>
<tag>PageContent</tag>
<tag>Setter</tag>
<doc>Simulates mouse click on the element found by ``selector``.</doc>
<status status="PASS" start="2026-07-16T22:59:45.031688" elapsed="0.031381"/>
</kw>
<kw name="Wait For Elements State" owner="Browser">
<msg time="2026-07-16T22:59:45.381366" level="INFO">Waited for Element with selector css=form .notice at state visible</msg>
<arg>css=form .notice</arg>
<arg>visible</arg>
<arg>5</arg>
<tag>PageContent</tag>
<tag>Wait</tag>
<doc>Waits for the element found by ``selector`` to satisfy state option.</doc>
<status status="PASS" start="2026-07-16T22:59:45.063752" elapsed="0.317743"/>
</kw>
<kw name="Get Text" owner="Browser">
<msg time="2026-07-16T22:59:45.388853" level="INFO">Text: 'Por favor informe o seu nome completo'</msg>
<arg>css=form .notice</arg>
<arg>equal</arg>
<arg>Por favor informe o seu nome completo</arg>
<tag>Assertion</tag>
<tag>Getter</tag>
<tag>PageContent</tag>
<doc>Returns text attribute of the element found by ``selector``.</doc>
<status status="PASS" start="2026-07-16T22:59:45.381825" elapsed="0.007114"/>
</kw>
<kw name="Sleep" owner="BuiltIn">
<msg time="2026-07-16T22:59:50.390147" level="INFO">Slept 5 seconds.</msg>
<arg>5</arg>
<doc>Pauses the test executed for the given time.</doc>
<status status="PASS" start="2026-07-16T22:59:45.389168" elapsed="5.001141"/>
</kw>
<msg time="2026-07-16T22:59:50.405201" level="INFO">Switching context to context=6fb75e97-cba6-48de-be95-4ca3a5c80e49 in CURRENT</msg>
<msg time="2026-07-16T22:59:50.410740" level="INFO">Successfully changed active context: context=6fb75e97-cba6-48de-be95-4ca3a5c80e49</msg>
<msg time="2026-07-16T22:59:50.426999" level="INFO">Successfully closed Context</msg>
<tag>required</tag>
<status status="PASS" start="2026-07-16T22:59:44.391270" elapsed="5.999497"/>
</test>
<doc>Cenários de testes de pré-cadastro de clientes</doc>
<status status="PASS" start="2026-07-16T22:59:34.726956" elapsed="15.701260"/>
</suite>
<statistics>
<total>
<stat pass="2" fail="0" skip="0">All Tests</stat>
</total>
<tag>
<stat pass="1" fail="0" skip="0">required</stat>
</tag>
<suite>
<stat name="Signup" id="s1" pass="2" fail="0" skip="0">Signup</stat>
</suite>
</statistics>
<errors>
</errors>
</robot>
